# JRE version: Java(TM) SE Runtime Environment (8.0_171-b11) (build 1.8.0_171-b11)
# Java VM: Java HotSpot(TM) 64-Bit Server VM (25.171-b11 mixed mode linux-amd64 compressed oops)
Heap:
 PSYoungGen      total 432640K, used 17776K [0x000000076d300000, 0x0000000789480000, 0x00000007c0000000)
  eden space 412672K, 0% used [0x000000076d300000,0x000000076d300000,0x0000000786600000)
  from space 19968K, 89% used [0x0000000786600000,0x000000078775c380,0x0000000787980000)
  to   space 17408K, 0% used [0x0000000787980000,0x0000000787980000,0x0000000788a80000)
 ParOldGen       total 96256K, used 12101K [0x00000006c7800000, 0x00000006cd600000, 0x000000076d300000)
  object space 96256K, 12% used [0x00000006c7800000,0x00000006c83d1670,0x00000006cd600000)
 Metaspace       used 34755K, capacity 35376K, committed 35456K, reserved 1079296K
  class space    used 4566K, capacity 4736K, committed 4736K, reserved 1048576K
GC Heap History (10 events):
Event: 2,338 GC heap after
Heap after GC invocations=3 (full 0):
 PSYoungGen      total 139264K, used 10218K [0x000000076d300000, 0x000000077e300000, 0x00000007c0000000)
  eden space 129024K, 0% used [0x000000076d300000,0x000000076d300000,0x0000000775100000)
  from space 10240K, 99% used [0x0000000775100000,0x0000000775afabe0,0x0000000775b00000)
  to   space 10240K, 0% used [0x000000077d900000,0x000000077d900000,0x000000077e300000)
 ParOldGen       total 171008K, used 2056K [0x00000006c7800000, 0x00000006d1f00000, 0x000000076d300000)
  object space 171008K, 1% used [0x00000006c7800000,0x00000006c7a02038,0x00000006d1f00000)
 Metaspace       used 19039K, capacity 19298K, committed 19584K, reserved 1067008K
  class space    used 2332K, capacity 2365K, committed 2432K, reserved 1048576K
}
Event: 2,522 GC heap before
{Heap before GC invocations=4 (full 0):
 PSYoungGen      total 139264K, used 40306K [0x000000076d300000, 0x000000077e300000, 0x00000007c0000000)
  eden space 129024K, 23% used [0x000000076d300000,0x000000076f061cd0,0x0000000775100000)
  from space 10240K, 99% used [0x0000000775100000,0x0000000775afabe0,0x0000000775b00000)
  to   space 10240K, 0% used [0x000000077d900000,0x000000077d900000,0x000000077e300000)
 ParOldGen       total 171008K, used 2056K [0x00000006c7800000, 0x00000006d1f00000, 0x000000076d300000)
  object space 171008K, 1% used [0x00000006c7800000,0x00000006c7a02038,0x00000006d1f00000)
 Metaspace       used 20832K, capacity 21144K, committed 21296K, reserved 1069056K
  class space    used 2562K, capacity 2640K, committed 2688K, reserved 1048576K
Event: 2,534 GC heap after
Heap after GC invocations=4 (full 0):
 PSYoungGen      total 268288K, used 6552K [0x000000076d300000, 0x000000077e300000, 0x00000007c0000000)
  eden space 258048K, 0% used [0x000000076d300000,0x000000076d300000,0x000000077cf00000)
  from space 10240K, 63% used [0x000000077d900000,0x000000077df66258,0x000000077e300000)
  to   space 10240K, 0% used [0x000000077cf00000,0x000000077cf00000,0x000000077d900000)
 ParOldGen       total 171008K, used 2064K [0x00000006c7800000, 0x00000006d1f00000, 0x000000076d300000)
  object space 171008K, 1% used [0x00000006c7800000,0x00000006c7a04038,0x00000006d1f00000)
 Metaspace       used 20832K, capacity 21144K, committed 21296K, reserved 1069056K
  class space    used 2562K, capacity 2640K, committed 2688K, reserved 1048576K
}
Event: 2,534 GC heap before
{Heap before GC invocations=5 (full 1):
 PSYoungGen      total 268288K, used 6552K [0x000000076d300000, 0x000000077e300000, 0x00000007c0000000)
  eden space 258048K, 0% used [0x000000076d300000,0x000000076d300000,0x000000077cf00000)
  from space 10240K, 63% used [0x000000077d900000,0x000000077df66258,0x000000077e300000)
  to   space 10240K, 0% used [0x000000077cf00000,0x000000077cf00000,0x000000077d900000)
 ParOldGen       total 171008K, used 2064K [0x00000006c7800000, 0x00000006d1f00000, 0x000000076d300000)
  object space 171008K, 1% used [0x00000006c7800000,0x00000006c7a04038,0x00000006d1f00000)
 Metaspace       used 20832K, capacity 21144K, committed 21296K, reserved 1069056K
  class space    used 2562K, capacity 2640K, committed 2688K, reserved 1048576K
Event: 2,579 GC heap after
Heap after GC invocations=5 (full 1):
 PSYoungGen      total 268288K, used 0K [0x000000076d300000, 0x000000077e300000, 0x00000007c0000000)
  eden space 258048K, 0% used [0x000000076d300000,0x000000076d300000,0x000000077cf00000)
  from space 10240K, 0% used [0x000000077d900000,0x000000077d900000,0x000000077e300000)
  to   space 10240K, 0% used [0x000000077cf00000,0x000000077cf00000,0x000000077d900000)
 ParOldGen       total 96256K, used 6499K [0x00000006c7800000, 0x00000006cd600000, 0x000000076d300000)
  object space 96256K, 6% used [0x00000006c7800000,0x00000006c7e58f90,0x00000006cd600000)
 Metaspace       used 20832K, capacity 21144K, committed 21296K, reserved 1069056K
  class space    used 2562K, capacity 2640K, committed 2688K, reserved 1048576K
}
Event: 4,271 GC heap before
{Heap before GC invocations=6 (full 1):
 PSYoungGen      total 268288K, used 258048K [0x000000076d300000, 0x000000077e300000, 0x00000007c0000000)
  eden space 258048K, 100% used [0x000000076d300000,0x000000077cf00000,0x000000077cf00000)
  from space 10240K, 0% used [0x000000077d900000,0x000000077d900000,0x000000077e300000)
  to   space 10240K, 0% used [0x000000077cf00000,0x000000077cf00000,0x000000077d900000)
 ParOldGen       total 96256K, used 6499K [0x00000006c7800000, 0x00000006cd600000, 0x000000076d300000)
  object space 96256K, 6% used [0x00000006c7800000,0x00000006c7e58f90,0x00000006cd600000)
 Metaspace       used 28568K, capacity 29070K, committed 29440K, reserved 1075200K
  class space    used 3609K, capacity 3735K, committed 3840K, reserved 1048576K
Event: 4,292 GC heap after
Heap after GC invocations=6 (full 1):
 PSYoungGen      total 268288K, used 10218K [0x000000076d300000, 0x0000000788a80000, 0x00000007c0000000)
  eden space 258048K, 0% used [0x000000076d300000,0x000000076d300000,0x000000077cf00000)
  from space 10240K, 99% used [0x000000077cf00000,0x000000077d8fa938,0x000000077d900000)
  to   space 17408K, 0% used [0x0000000787980000,0x0000000787980000,0x0000000788a80000)
 ParOldGen       total 96256K, used 12093K [0x00000006c7800000, 0x00000006cd600000, 0x000000076d300000)
  object space 96256K, 12% used [0x00000006c7800000,0x00000006c83cf670,0x00000006cd600000)
 Metaspace       used 28568K, capacity 29070K, committed 29440K, reserved 1075200K
  class space    used 3609K, capacity 3735K, committed 3840K, reserved 1048576K
}
Event: 5,168 GC heap before
{Heap before GC invocations=7 (full 1):
 PSYoungGen      total 268288K, used 268266K [0x000000076d300000, 0x0000000788a80000, 0x00000007c0000000)
  eden space 258048K, 100% used [0x000000076d300000,0x000000077cf00000,0x000000077cf00000)
  from space 10240K, 99% used [0x000000077cf00000,0x000000077d8fa938,0x000000077d900000)
  to   space 17408K, 0% used [0x0000000787980000,0x0000000787980000,0x0000000788a80000)
 ParOldGen       total 96256K, used 12093K [0x00000006c7800000, 0x00000006cd600000, 0x000000076d300000)
  object space 96256K, 12% used [0x00000006c7800000,0x00000006c83cf670,0x00000006cd600000)
 Metaspace       used 31314K, capacity 31888K, committed 32128K, reserved 1077248K
  class space    used 4010K, capacity 4169K, committed 4224K, reserved 1048576K
Event: 5,202 GC heap after
Heap after GC invocations=7 (full 1):
 PSYoungGen      total 430080K, used 16237K [0x000000076d300000, 0x0000000789480000, 0x00000007c0000000)
  eden space 412672K, 0% used [0x000000076d300000,0x000000076d300000,0x0000000786600000)
  from space 17408K, 93% used [0x0000000787980000,0x000000078895b768,0x0000000788a80000)
  to   space 19968K, 0% used [0x0000000786600000,0x0000000786600000,0x0000000787980000)
 ParOldGen       total 96256K, used 12101K [0x00000006c7800000, 0x00000006cd600000, 0x000000076d300000)
  object space 96256K, 12% used [0x00000006c7800000,0x00000006c83d1670,0x00000006cd600000)
 Metaspace       used 31314K, capacity 31888K, committed 32128K, reserved 1077248K
  class space    used 4010K, capacity 4169K, committed 4224K, reserved 1048576K
}
Event: 6,423 GC heap before
{Heap before GC invocations=8 (full 1):
 PSYoungGen      total 430080K, used 183926K [0x000000076d300000, 0x0000000789480000, 0x00000007c0000000)
  eden space 412672K, 40% used [0x000000076d300000,0x00000007776c2468,0x0000000786600000)
  from space 17408K, 93% used [0x0000000787980000,0x000000078895b768,0x0000000788a80000)
  to   space 19968K, 0% used [0x0000000786600000,0x0000000786600000,0x0000000787980000)
 ParOldGen       total 96256K, used 12101K [0x00000006c7800000, 0x00000006cd600000, 0x000000076d300000)
  object space 96256K, 12% used [0x00000006c7800000,0x00000006c83d1670,0x00000006cd600000)
 Metaspace       used 34755K, capacity 35376K, committed 35456K, reserved 1079296K
  class space    used 4566K, capacity 4736K, committed 4736K, reserved 1048576K

